[01m[K/home/chaos/moveit2_ws/src/moveit2_tutorials/doc/moveit2_commander_ws/src/python_interface/src/python/task.cpp:1:10:[m[K [01;31m[Kfatal error: [m[Kmoveit/task_constructor/task.h: ãã®ã‚ˆã†ãªãƒ•ã‚¡ã‚¤ãƒ«ã‚„ãƒ‡ã‚£ãƒ¬ã‚¯ãƒˆãƒªã¯ã‚ã‚Šã¾ã›ã‚“
    1 | #include [01;31m[K<moveit/task_constructor/task.h>[m[K
      |          [01;31m[K^~~~~~~~~~~~~~~~~~~~~~~~~~~~~~~~[m[K
compilation terminated.
make[2]: *** [CMakeFiles/_core.dir/build.make:89: CMakeFiles/_core.dir/src/python/task.cpp.o] ã‚¨ãƒ©ãƒ¼ 1
make[2]: *** æœªå®Œäº†ã®ã‚¸ãƒ§ãƒ–ã‚’å¾…ã£ã¦ã„ã¾ã™....
[01m[K/home/chaos/moveit2_ws/src/moveit2_tutorials/doc/moveit2_commander_ws/src/python_interface/src/python/ros_init.cpp:4:10:[m[K [01;31m[Kfatal error: [m[Kros/init.h: ãã®ã‚ˆã†ãªãƒ•ã‚¡ã‚¤ãƒ«ã‚„ãƒ‡ã‚£ãƒ¬ã‚¯ãƒˆãƒªã¯ã‚ã‚Šã¾ã›ã‚“
    4 | #include [01;31m[K<ros/init.h>[m[K
      |          [01;31m[K^~~~~~~~~~~~[m[K
compilation terminated.
make[2]: *** [CMakeFiles/_core.dir/build.make:76: CMakeFiles/_core.dir/src/python/ros_init.cpp.o] ã‚¨ãƒ©ãƒ¼ 1
make[1]: *** [CMakeFiles/Makefile2:78: CMakeFiles/_core.dir/all] ã‚¨ãƒ©ãƒ¼ 2
make: *** [Makefile:141: all] ã‚¨ãƒ©ãƒ¼ 2
